[0827/100422:INFO:exception_record.cc(518)] [QB]Process ID: 25080 Type: 2
[0827/100424:ERROR:waituntilobserver.cpp(144)] NOT IMPLEMENTED
[0827/130203:INFO:exception_record.cc(518)] [QB]Process ID: 24068 Type: 2
[0827/193823:WARNING:webmediaplayer_impl.cc(341)] Using MultibufferDataSource
[0827/231929:INFO:exception_record.cc(518)] [QB]Process ID: 25716 Type: 2
[0827/232236:INFO:exception_record.cc(518)] [QB]Process ID: 26228 Type: 2
[0827/234134:INFO:exception_record.cc(518)] [QB]Process ID: 17216 Type: 2
[0827/234320:INFO:exception_record.cc(518)] [QB]Process ID: 25828 Type: 2
[0827/234640:INFO:exception_record.cc(518)] [QB]Process ID: 2648 Type: 2
[0828/115351:INFO:exception_record.cc(518)] [QB]Process ID: 22644 Type: 2
[0828/192832:INFO:exception_record.cc(518)] [QB]Process ID: 12944 Type: 2
[0829/103510:INFO:exception_record.cc(518)] [QB]Process ID: 9624 Type: 2
[0829/105137:INFO:exception_record.cc(518)] [QB]Process ID: 26224 Type: 2
[0829/110428:INFO:exception_record.cc(518)] [QB]Process ID: 24952 Type: 2
[0829/173105:INFO:exception_record.cc(518)] [QB]Process ID: 15884 Type: 2
[0831/185118:WARNING:dns_config_service_win.cc(674)] Failed to read DnsConfig.
[0831/192840:WARNING:dns_config_service_win.cc(674)] Failed to read DnsConfig.
[0831/192841:WARNING:dns_config_service_win.cc(674)] Failed to read DnsConfig.
[0831/212617:WARNING:dns_config_service_win.cc(674)] Failed to read DnsConfig.
[0831/212618:WARNING:dns_config_service_win.cc(674)] Failed to read DnsConfig.
[0831/215541:WARNING:dns_config_service_win.cc(674)] Failed to read DnsConfig.
[0831/215542:WARNING:dns_config_service_win.cc(674)] Failed to read DnsConfig.
[0831/215735:INFO:exception_record.cc(518)] [QB]Process ID: 8652 Type: 2
[0831/215736:INFO:http_cache_transaction.cc(72)] IgnoreZeroCacheError: 0
[0831/220101:INFO:exception_record.cc(518)] [QB]Process ID: 27556 Type: 2
[0831/220414:WARNING:dns_config_service_win.cc(674)] Failed to read DnsConfig.
[0831/220415:WARNING:dns_config_service_win.cc(674)] Failed to read DnsConfig.
[0831/220947:INFO:exception_record.cc(518)] [QB]Process ID: 11836 Type: 2
[0831/222917:INFO:exception_record.cc(518)] [QB]Process ID: 22460 Type: 2
[0901/214430:WARNING:dns_config_service_win.cc(674)] Failed to read DnsConfig.
[0901/214431:WARNING:dns_config_service_win.cc(674)] Failed to read DnsConfig.
[0901/221307:INFO:exception_record.cc(518)] [QB]Process ID: 23424 Type: 2
[0902/093552:WARNING:dns_config_service_win.cc(674)] Failed to read DnsConfig.
[0902/093553:WARNING:dns_config_service_win.cc(674)] Failed to read DnsConfig.
[0902/093553:WARNING:dns_config_service_win.cc(674)] Failed to read DnsConfig.
[0902/093555:WARNING:dns_config_service_win.cc(674)] Failed to read DnsConfig.
[0902/093558:WARNING:dns_config_service_win.cc(674)] Failed to read DnsConfig.
[0902/093558:WARNING:dns_config_service_win.cc(674)] Failed to read DnsConfig.
[0902/093558:WARNING:dns_config_service_win.cc(674)] Failed to read DnsConfig.
[0902/094635:INFO:exception_record.cc(518)] [QB]Process ID: 18576 Type: 2
[0920/141339:WARNING:dns_config_service_win.cc(674)] Failed to read DnsConfig.
[0920/141341:WARNING:dns_config_service_win.cc(674)] Failed to read DnsConfig.
[0920/162827:WARNING:dns_config_service_win.cc(674)] Failed to read DnsConfig.
[0920/162827:WARNING:dns_config_service_win.cc(674)] Failed to read DnsConfig.
[0920/162828:WARNING:dns_config_service_win.cc(674)] Failed to read DnsConfig.
[0920/171504:WARNING:dns_config_service_win.cc(674)] Failed to read DnsConfig.
[0920/171504:WARNING:dns_config_service_win.cc(674)] Failed to read DnsConfig.
[0920/171505:WARNING:dns_config_service_win.cc(674)] Failed to read DnsConfig.
[0920/184221:WARNING:dns_config_service_win.cc(674)] Failed to read DnsConfig.
[0920/184222:WARNING:dns_config_service_win.cc(674)] Failed to read DnsConfig.
[0920/194340:WARNING:dns_config_service_win.cc(674)] Failed to read DnsConfig.
[0920/194341:WARNING:dns_config_service_win.cc(674)] Failed to read DnsConfig.
[0920/194341:WARNING:dns_config_service_win.cc(674)] Failed to read DnsConfig.
[0920/194342:WARNING:dns_config_service_win.cc(674)] Failed to read DnsConfig.
[0920/194342:WARNING:dns_config_service_win.cc(674)] Failed to read DnsConfig.
[0920/194342:WARNING:dns_config_service_win.cc(674)] Failed to read DnsConfig.
[0920/225907:WARNING:dns_config_service_win.cc(674)] Failed to read DnsConfig.
[0920/225908:WARNING:dns_config_service_win.cc(674)] Failed to read DnsConfig.
[0920/225908:WARNING:dns_config_service_win.cc(674)] Failed to read DnsConfig.
[0920/225909:WARNING:dns_config_service_win.cc(674)] Failed to read DnsConfig.
[0920/225910:WARNING:dns_config_service_win.cc(674)] Failed to read DnsConfig.
[0921/225043:WARNING:dns_config_service_win.cc(674)] Failed to read DnsConfig.
[0922/032941:WARNING:dns_config_service_win.cc(674)] Failed to read DnsConfig.
[0922/032941:WARNING:dns_config_service_win.cc(674)] Failed to read DnsConfig.
[0922/084229:WARNING:dns_config_service_win.cc(674)] Failed to read DnsConfig.
[0922/084229:WARNING:dns_config_service_win.cc(674)] Failed to read DnsConfig.
[0922/084230:WARNING:dns_config_service_win.cc(674)] Failed to read DnsConfig.
[0922/084330:WARNING:dns_config_service_win.cc(674)] Failed to read DnsConfig.
[0922/084331:WARNING:dns_config_service_win.cc(674)] Failed to read DnsConfig.
[0922/102208:WARNING:dns_config_service_win.cc(674)] Failed to read DnsConfig.
[0922/102238:WARNING:dns_config_service_win.cc(674)] Failed to read DnsConfig.
[0922/102238:WARNING:dns_config_service_win.cc(674)] Failed to read DnsConfig.
[0922/102238:WARNING:dns_config_service_win.cc(674)] Failed to read DnsConfig.
[0922/102240:WARNING:dns_config_service_win.cc(674)] Failed to read DnsConfig.
[0922/135253:WARNING:dns_config_service_win.cc(674)] Failed to read DnsConfig.
[0922/135255:WARNING:dns_config_service_win.cc(674)] Failed to read DnsConfig.
[0922/135255:WARNING:dns_config_service_win.cc(674)] Failed to read DnsConfig.
[0922/135258:WARNING:dns_config_service_win.cc(674)] Failed to read DnsConfig.
[0922/200952:WARNING:dns_config_service_win.cc(674)] Failed to read DnsConfig.
[0923/030531:WARNING:dns_config_service_win.cc(674)] Failed to read DnsConfig.
[0923/030531:WARNING:dns_config_service_win.cc(674)] Failed to read DnsConfig.
[0923/092818:WARNING:dns_config_service_win.cc(674)] Failed to read DnsConfig.
[0923/092820:WARNING:dns_config_service_win.cc(674)] Failed to read DnsConfig.
[0923/092822:WARNING:dns_config_service_win.cc(674)] Failed to read DnsConfig.
[0923/092823:WARNING:dns_config_service_win.cc(674)] Failed to read DnsConfig.
[0923/092825:WARNING:dns_config_service_win.cc(674)] Failed to read DnsConfig.
[0923/103848:INFO:exception_record.cc(518)] [QB]Process ID: 15564 Type: 2
[0923/103852:INFO:exception_record.cc(518)] [QB]Process ID: 1832 Type: 2
[0923/111912:INFO:exception_record.cc(518)] [QB]Process ID: 12840 Type: 2
[0923/113031:INFO:exception_record.cc(518)] [QB]Process ID: 10844 Type: 2
[0923/125445:WARNING:dns_config_service_win.cc(674)] Failed to read DnsConfig.
[0923/125445:WARNING:dns_config_service_win.cc(674)] Failed to read DnsConfig.
[0923/125446:WARNING:dns_config_service_win.cc(674)] Failed to read DnsConfig.
[0923/125446:WARNING:dns_config_service_win.cc(674)] Failed to read DnsConfig.
[0923/125446:WARNING:dns_config_service_win.cc(674)] Failed to read DnsConfig.
[0923/125526:INFO:exception_record.cc(518)] [QB]Process ID: 18908 Type: 2
[0923/172908:WARNING:dns_config_service_win.cc(674)] Failed to read DnsConfig.
